<?xml version="1.0" encoding="UTF-8"?>
<!-- Generated by org.testng.reporters.JUnitXMLReporter -->
<testsuite ignored="0" hostname="mannu" failures="0" tests="5" name="testng.xml" time="0.122" errors="0" timestamp="2023-07-01T10:47:56 GMT">
  <testcase classname="aaaaaaa.bbbbb" name="test1" time="0.01"/>
  <testcase classname="aaaaaaa.bbbbb" name="test2" time="0.002"/>
  <testcase classname="aaaaaaa.bbbbb" name="test3" time="0.003"/>
  <testcase classname="aaaaaaa.bbbbb" name="test4" time="0.005"/>
  <testcase classname="aaaaaaa.bbbbb" name="test5" time="0.003"/>
</testsuite> <!-- testng.xml -->
