<?xml version="1.0" encoding="UTF-8"?>
<!-- Generated by org.testng.reporters.JUnitXMLReporter -->
<testsuite ignored="1" hostname="mannu" failures="0" tests="4" name="testng.xml" time="0.119" errors="0" timestamp="2023-07-05T22:47:16 GMT">
  <testcase classname="com.groupingpriority.GroupingPriority" name="test2" time="0.01"/>
  <testcase classname="com.groupingpriority.GroupingPriority" name="test1" time="0.005"/>
  <testcase classname="com.groupingpriority.GroupingPriority" name="test3" time="0.002"/>
  <testcase classname="com.groupingpriority.GroupingPriority" name="test5" time="0.002"/>
  <testcase classname="com.groupingpriority.GroupingPriority" name="test4" time="0.0">
    <ignored/>
  </testcase> <!-- test4 -->
</testsuite> <!-- testng.xml -->
