<?xml version="1.0" encoding="UTF-8"?>
<!-- Generated by org.testng.reporters.JUnitXMLReporter -->
<testsuite ignored="0" hostname="mannu" failures="0" tests="6" name="Test" time="0.176" errors="0" timestamp="2023-07-13T18:39:12 GMT">
  <testcase classname="com.IBM.Basics.MyTest1" name="method1" time="0.019"/>
  <testcase classname="com.IBM.Basics.MyTest1" name="method2" time="0.005"/>
  <testcase classname="com.IBM.Basics.MyTest1" name="method3" time="0.003"/>
  <testcase classname="com.IBM.Basics.MyTest2" name="object1" time="0.004"/>
  <testcase classname="com.IBM.Basics.MyTest2" name="object2" time="0.004"/>
  <testcase classname="com.IBM.Basics.MyTest2" name="object3" time="0.006"/>
</testsuite> <!-- Test -->
