<?xml version="1.0" encoding="UTF-8"?>
<!-- Generated by org.testng.reporters.JUnitXMLReporter -->
<testsuite ignored="0" hostname="mannu" failures="2" tests="3" name="Test" time="0.105" errors="0" timestamp="2023-07-06T00:00:34 GMT">
  <testcase classname="com.groupingpriority.CreatAccount" name="verifyByGmail" time="0.013"/>
  <testcase classname="com.groupingpriority.CreatAccount" name="verifyByYahoo" time="0.012">
    <failure type="java.lang.AssertionError" message="expected [Monikabcd] but found [Monika]">
      <![CDATA[java.lang.AssertionError: expected [Monikabcd] but found [Monika]
at com.groupingpriority.CreatAccount.verifyByYahoo(CreatAccount.java:16)
at java.base/java.util.ArrayList.forEach(ArrayList.java:1511)
... Removed 33 stack frames]]>
    </failure>
  </testcase> <!-- verifyByYahoo -->
  <testcase classname="com.groupingpriority.CreatAccount" name="verifyByrediff" time="0.005">
    <failure type="java.lang.AssertionError" message="expected [DEF] but found [def]">
      <![CDATA[java.lang.AssertionError: expected [DEF] but found [def]
at com.groupingpriority.CreatAccount.verifyByrediff(CreatAccount.java:21)
at java.base/java.util.ArrayList.forEach(ArrayList.java:1511)
... Removed 33 stack frames]]>
    </failure>
  </testcase> <!-- verifyByrediff -->
</testsuite> <!-- Test -->
