<?xml version="1.0" encoding="UTF-8"?>
<!-- Generated by org.testng.reporters.JUnitXMLReporter -->
<testsuite ignored="0" hostname="mannu" failures="0" tests="5" name="Default test" time="0.142" errors="0" timestamp="2023-07-01T18:02:07 GMT">
  <testcase classname="aaaaaaa.bbbbb" name="test2" time="0.015"/>
  <testcase classname="aaaaaaa.bbbbb" name="test1" time="0.004"/>
  <testcase classname="aaaaaaa.bbbbb" name="test3" time="0.003"/>
  <testcase classname="aaaaaaa.bbbbb" name="test5" time="0.003"/>
  <testcase classname="aaaaaaa.bbbbb" name="test4" time="0.003"/>
</testsuite> <!-- Default test -->
