<?xml version="1.0" encoding="UTF-8"?>
<testng-results ignored="0" total="5" passed="5" failed="0" skipped="0">
  <reporter-output>
  </reporter-output>
  <suite started-at="2023-07-01T10:47:56 GMT" name="Suite" finished-at="2023-07-01T10:47:56 GMT" duration-ms="122">
    <groups>
      <group name="regression">
        <method signature="bbbbb.test3()[pri:0, instance:aaaaaaa.bbbbb@16ec5519]" name="test3" class="aaaaaaa.bbbbb"/>
        <method signature="bbbbb.test4()[pri:0, instance:aaaaaaa.bbbbb@16ec5519]" name="test4" class="aaaaaaa.bbbbb"/>
        <method signature="bbbbb.test5()[pri:0, instance:aaaaaaa.bbbbb@16ec5519]" name="test5" class="aaaaaaa.bbbbb"/>
      </group> <!-- regression -->
      <group name="sanity">
        <method signature="bbbbb.test1()[pri:0, instance:aaaaaaa.bbbbb@16ec5519]" name="test1" class="aaaaaaa.bbbbb"/>
        <method signature="bbbbb.test2()[pri:0, instance:aaaaaaa.bbbbb@16ec5519]" name="test2" class="aaaaaaa.bbbbb"/>
        <method signature="bbbbb.test5()[pri:0, instance:aaaaaaa.bbbbb@16ec5519]" name="test5" class="aaaaaaa.bbbbb"/>
      </group> <!-- sanity -->
    </groups>
    <test started-at="2023-07-01T10:47:56 GMT" name="testng.xml" finished-at="2023-07-01T10:47:56 GMT" duration-ms="122">
      <class name="aaaaaaa.bbbbb">
        <test-method signature="test1()[pri:0, instance:aaaaaaa.bbbbb@16ec5519]" started-at="2023-07-01T10:47:56 GMT" name="test1" finished-at="2023-07-01T10:47:56 GMT" duration-ms="10" status="PASS">
          <reporter-output>
          </reporter-output>
        </test-method> <!-- test1 -->
        <test-method signature="test2()[pri:0, instance:aaaaaaa.bbbbb@16ec5519]" started-at="2023-07-01T10:47:56 GMT" name="test2" finished-at="2023-07-01T10:47:56 GMT" duration-ms="2" status="PASS">
          <reporter-output>
          </reporter-output>
        </test-method> <!-- test2 -->
        <test-method signature="test3()[pri:0, instance:aaaaaaa.bbbbb@16ec5519]" started-at="2023-07-01T10:47:56 GMT" name="test3" finished-at="2023-07-01T10:47:56 GMT" duration-ms="3" status="PASS">
          <reporter-output>
          </reporter-output>
        </test-method> <!-- test3 -->
        <test-method signature="test4()[pri:0, instance:aaaaaaa.bbbbb@16ec5519]" started-at="2023-07-01T10:47:56 GMT" name="test4" finished-at="2023-07-01T10:47:56 GMT" duration-ms="5" status="PASS">
          <reporter-output>
          </reporter-output>
        </test-method> <!-- test4 -->
        <test-method signature="test5()[pri:0, instance:aaaaaaa.bbbbb@16ec5519]" started-at="2023-07-01T10:47:56 GMT" name="test5" finished-at="2023-07-01T10:47:56 GMT" duration-ms="3" status="PASS">
          <reporter-output>
          </reporter-output>
        </test-method> <!-- test5 -->
      </class> <!-- aaaaaaa.bbbbb -->
    </test> <!-- testng.xml -->
  </suite> <!-- Suite -->
</testng-results>
