<?xml version="1.0" encoding="UTF-8"?>
<testng-results ignored="0" total="1" passed="1" failed="0" skipped="0">
  <reporter-output>
  </reporter-output>
  <suite started-at="2023-07-27T06:47:58 GMT" name="Default suite" finished-at="2023-07-27T06:48:06 GMT" duration-ms="7984">
    <groups>
    </groups>
    <test started-at="2023-07-27T06:47:58 GMT" name="Default test" finished-at="2023-07-27T06:48:06 GMT" duration-ms="7984">
      <class name="Tests.LoginTest">
        <test-method signature="login()[pri:0, instance:Tests.LoginTest@55182842]" started-at="2023-07-27T06:47:58 GMT" name="login" finished-at="2023-07-27T06:48:06 GMT" duration-ms="7919" status="PASS">
          <reporter-output>
          </reporter-output>
        </test-method> <!-- login -->
      </class> <!-- Tests.LoginTest -->
    </test> <!-- Default test -->
  </suite> <!-- Default suite -->
</testng-results>
